# JRE version: Java(TM) SE Runtime Environment (8.0_60-b27) (build 1.8.0_60-b27)
# Java VM: Java HotSpot(TM) 64-Bit Server VM (25.60-b23 mixed mode windows-amd64 compressed oops)
Heap:
 PSYoungGen      total 110592K, used 1407K [0x00000000eb400000, 0x00000000f2680000, 0x0000000100000000)
  eden space 104448K, 0% used [0x00000000eb400000,0x00000000eb400000,0x00000000f1a00000)
  from space 6144K, 22% used [0x00000000f1a00000,0x00000000f1b5fcb0,0x00000000f2000000)
  to   space 5632K, 0% used [0x00000000f2000000,0x00000000f2000000,0x00000000f2580000)
 ParOldGen       total 44032K, used 11915K [0x00000000c1c00000, 0x00000000c4700000, 0x00000000eb400000)
  object space 44032K, 27% used [0x00000000c1c00000,0x00000000c27a2cf0,0x00000000c4700000)
 Metaspace       used 20889K, capacity 21076K, committed 21296K, reserved 1069056K
  class space    used 2567K, capacity 2614K, committed 2688K, reserved 1048576K
GC Heap History (10 events):
Event: 7.876 GC heap after
Heap after GC invocations=7 (full 0):
 PSYoungGen      total 37376K, used 1504K [0x00000000eb400000, 0x00000000efe00000, 0x0000000100000000)
  eden space 32768K, 0% used [0x00000000eb400000,0x00000000eb400000,0x00000000ed400000)
  from space 4608K, 32% used [0x00000000ed400000,0x00000000ed578000,0x00000000ed880000)
  to   space 5120K, 0% used [0x00000000ef900000,0x00000000ef900000,0x00000000efe00000)
 ParOldGen       total 44032K, used 7104K [0x00000000c1c00000, 0x00000000c4700000, 0x00000000eb400000)
  object space 44032K, 16% used [0x00000000c1c00000,0x00000000c22f0070,0x00000000c4700000)
 Metaspace       used 13945K, capacity 14158K, committed 14336K, reserved 1062912K
  class space    used 1687K, capacity 1733K, committed 1792K, reserved 1048576K
}
Event: 8.745 GC heap before
{Heap before GC invocations=8 (full 0):
 PSYoungGen      total 37376K, used 34272K [0x00000000eb400000, 0x00000000efe00000, 0x0000000100000000)
  eden space 32768K, 100% used [0x00000000eb400000,0x00000000ed400000,0x00000000ed400000)
  from space 4608K, 32% used [0x00000000ed400000,0x00000000ed578000,0x00000000ed880000)
  to   space 5120K, 0% used [0x00000000ef900000,0x00000000ef900000,0x00000000efe00000)
 ParOldGen       total 44032K, used 7104K [0x00000000c1c00000, 0x00000000c4700000, 0x00000000eb400000)
  object space 44032K, 16% used [0x00000000c1c00000,0x00000000c22f0070,0x00000000c4700000)
 Metaspace       used 14696K, capacity 14854K, committed 15232K, reserved 1062912K
  class space    used 1787K, capacity 1833K, committed 1920K, reserved 1048576K
Event: 8.758 GC heap after
Heap after GC invocations=8 (full 0):
 PSYoungGen      total 70656K, used 2444K [0x00000000eb400000, 0x00000000efe00000, 0x0000000100000000)
  eden space 65536K, 0% used [0x00000000eb400000,0x00000000eb400000,0x00000000ef400000)
  from space 5120K, 47% used [0x00000000ef900000,0x00000000efb633d8,0x00000000efe00000)
  to   space 5120K, 0% used [0x00000000ef400000,0x00000000ef400000,0x00000000ef900000)
 ParOldGen       total 44032K, used 7776K [0x00000000c1c00000, 0x00000000c4700000, 0x00000000eb400000)
  object space 44032K, 17% used [0x00000000c1c00000,0x00000000c2398070,0x00000000c4700000)
 Metaspace       used 14696K, capacity 14854K, committed 15232K, reserved 1062912K
  class space    used 1787K, capacity 1833K, committed 1920K, reserved 1048576K
}
Event: 11.099 GC heap before
{Heap before GC invocations=9 (full 0):
 PSYoungGen      total 70656K, used 67980K [0x00000000eb400000, 0x00000000efe00000, 0x0000000100000000)
  eden space 65536K, 100% used [0x00000000eb400000,0x00000000ef400000,0x00000000ef400000)
  from space 5120K, 47% used [0x00000000ef900000,0x00000000efb633d8,0x00000000efe00000)
  to   space 5120K, 0% used [0x00000000ef400000,0x00000000ef400000,0x00000000ef900000)
 ParOldGen       total 44032K, used 7776K [0x00000000c1c00000, 0x00000000c4700000, 0x00000000eb400000)
  object space 44032K, 17% used [0x00000000c1c00000,0x00000000c2398070,0x00000000c4700000)
 Metaspace       used 17416K, capacity 17572K, committed 17792K, reserved 1064960K
  class space    used 2124K, capacity 2158K, committed 2176K, reserved 1048576K
Event: 11.113 GC heap after
Heap after GC invocations=9 (full 0):
 PSYoungGen      total 70656K, used 4793K [0x00000000eb400000, 0x00000000f2580000, 0x0000000100000000)
  eden space 65536K, 0% used [0x00000000eb400000,0x00000000eb400000,0x00000000ef400000)
  from space 5120K, 93% used [0x00000000ef400000,0x00000000ef8ae6c8,0x00000000ef900000)
  to   space 5632K, 0% used [0x00000000f2000000,0x00000000f2000000,0x00000000f2580000)
 ParOldGen       total 44032K, used 8426K [0x00000000c1c00000, 0x00000000c4700000, 0x00000000eb400000)
  object space 44032K, 19% used [0x00000000c1c00000,0x00000000c243a970,0x00000000c4700000)
 Metaspace       used 17416K, capacity 17572K, committed 17792K, reserved 1064960K
  class space    used 2124K, capacity 2158K, committed 2176K, reserved 1048576K
}
Event: 13.477 GC heap before
{Heap before GC invocations=10 (full 0):
 PSYoungGen      total 70656K, used 70329K [0x00000000eb400000, 0x00000000f2580000, 0x0000000100000000)
  eden space 65536K, 100% used [0x00000000eb400000,0x00000000ef400000,0x00000000ef400000)
  from space 5120K, 93% used [0x00000000ef400000,0x00000000ef8ae6c8,0x00000000ef900000)
  to   space 5632K, 0% used [0x00000000f2000000,0x00000000f2000000,0x00000000f2580000)
 ParOldGen       total 44032K, used 8426K [0x00000000c1c00000, 0x00000000c4700000, 0x00000000eb400000)
  object space 44032K, 19% used [0x00000000c1c00000,0x00000000c243a970,0x00000000c4700000)
 Metaspace       used 20162K, capacity 20398K, committed 20736K, reserved 1067008K
  class space    used 2476K, capacity 2517K, committed 2560K, reserved 1048576K
Event: 13.500 GC heap after
Heap after GC invocations=10 (full 0):
 PSYoungGen      total 110080K, used 4992K [0x00000000eb400000, 0x00000000f2680000, 0x0000000100000000)
  eden space 104448K, 0% used [0x00000000eb400000,0x00000000eb400000,0x00000000f1a00000)
  from space 5632K, 88% used [0x00000000f2000000,0x00000000f24e02e8,0x00000000f2580000)
  to   space 6144K, 0% used [0x00000000f1a00000,0x00000000f1a00000,0x00000000f2000000)
 ParOldGen       total 44032K, used 9195K [0x00000000c1c00000, 0x00000000c4700000, 0x00000000eb400000)
  object space 44032K, 20% used [0x00000000c1c00000,0x00000000c24face0,0x00000000c4700000)
 Metaspace       used 20162K, capacity 20398K, committed 20736K, reserved 1067008K
  class space    used 2476K, capacity 2517K, committed 2560K, reserved 1048576K
}
Event: 14.497 GC heap before
{Heap before GC invocations=11 (full 0):
 PSYoungGen      total 110080K, used 48435K [0x00000000eb400000, 0x00000000f2680000, 0x0000000100000000)
  eden space 104448K, 41% used [0x00000000eb400000,0x00000000ede6ca38,0x00000000f1a00000)
  from space 5632K, 88% used [0x00000000f2000000,0x00000000f24e02e8,0x00000000f2580000)
  to   space 6144K, 0% used [0x00000000f1a00000,0x00000000f1a00000,0x00000000f2000000)
 ParOldGen       total 44032K, used 9195K [0x00000000c1c00000, 0x00000000c4700000, 0x00000000eb400000)
  object space 44032K, 20% used [0x00000000c1c00000,0x00000000c24face0,0x00000000c4700000)
 Metaspace       used 20889K, capacity 21076K, committed 21296K, reserved 1069056K
  class space    used 2567K, capacity 2614K, committed 2688K, reserved 1048576K
Event: 14.539 GC heap after
Heap after GC invocations=11 (full 0):
 PSYoungGen      total 110592K, used 1407K [0x00000000eb400000, 0x00000000f2680000, 0x0000000100000000)
  eden space 104448K, 0% used [0x00000000eb400000,0x00000000eb400000,0x00000000f1a00000)
  from space 6144K, 22% used [0x00000000f1a00000,0x00000000f1b5fcb0,0x00000000f2000000)
  to   space 5632K, 0% used [0x00000000f2000000,0x00000000f2000000,0x00000000f2580000)
 ParOldGen       total 44032K, used 11915K [0x00000000c1c00000, 0x00000000c4700000, 0x00000000eb400000)
  object space 44032K, 27% used [0x00000000c1c00000,0x00000000c27a2cf0,0x00000000c4700000)
 Metaspace       used 20889K, capacity 21076K, committed 21296K, reserved 1069056K
  class space    used 2567K, capacity 2614K, committed 2688K, reserved 1048576K
}
Event: 14.539 GC heap before
{Heap before GC invocations=12 (full 1):
 PSYoungGen      total 110592K, used 1407K [0x00000000eb400000, 0x00000000f2680000, 0x0000000100000000)
  eden space 104448K, 0% used [0x00000000eb400000,0x00000000eb400000,0x00000000f1a00000)
  from space 6144K, 22% used [0x00000000f1a00000,0x00000000f1b5fcb0,0x00000000f2000000)
  to   space 5632K, 0% used [0x00000000f2000000,0x00000000f2000000,0x00000000f2580000)
 ParOldGen       total 44032K, used 11915K [0x00000000c1c00000, 0x00000000c4700000, 0x00000000eb400000)
  object space 44032K, 27% used [0x00000000c1c00000,0x00000000c27a2cf0,0x00000000c4700000)
 Metaspace       used 20889K, capacity 21076K, committed 21296K, reserved 1069056K
  class space    used 2567K, capacity 2614K, committed 2688K, reserved 1048576K

