# JRE version: Java(TM) SE Runtime Environment (8.0_60-b27) (build 1.8.0_60-b27)
# Java VM: Java HotSpot(TM) 64-Bit Server VM (25.60-b23 mixed mode windows-amd64 compressed oops)
Heap:
 PSYoungGen      total 133120K, used 26280K [0x00000000eb400000, 0x00000000f7000000, 0x0000000100000000)
  eden space 127488K, 16% used [0x00000000eb400000,0x00000000ec8307e8,0x00000000f3080000)
  from space 5632K, 99% used [0x00000000f3980000,0x00000000f3ef9970,0x00000000f3f00000)
  to   space 9216K, 0% used [0x00000000f3080000,0x00000000f3080000,0x00000000f3980000)
 ParOldGen       total 33792K, used 14070K [0x00000000c1c00000, 0x00000000c3d00000, 0x00000000eb400000)
  object space 33792K, 41% used [0x00000000c1c00000,0x00000000c29bdb78,0x00000000c3d00000)
 Metaspace       used 31896K, capacity 32198K, committed 32384K, reserved 1077248K
  class space    used 4147K, capacity 4221K, committed 4224K, reserved 1048576K
GC Heap History (10 events):
Event: 10.876 GC heap before
{Heap before GC invocations=7 (full 0):
 PSYoungGen      total 70656K, used 68160K [0x00000000eb400000, 0x00000000efe00000, 0x0000000100000000)
  eden space 65536K, 100% used [0x00000000eb400000,0x00000000ef400000,0x00000000ef400000)
  from space 5120K, 51% used [0x00000000ef900000,0x00000000efb90040,0x00000000efe00000)
  to   space 5120K, 0% used [0x00000000ef400000,0x00000000ef400000,0x00000000ef900000)
 ParOldGen       total 44032K, used 6142K [0x00000000c1c00000, 0x00000000c4700000, 0x00000000eb400000)
  object space 44032K, 13% used [0x00000000c1c00000,0x00000000c21ffba0,0x00000000c4700000)
 Metaspace       used 15614K, capacity 15780K, committed 16128K, reserved 1062912K
  class space    used 1909K, capacity 1966K, committed 2048K, reserved 1048576K
Event: 10.910 GC heap after
Heap after GC invocations=7 (full 0):
 PSYoungGen      total 70656K, used 4799K [0x00000000eb400000, 0x00000000f3f00000, 0x0000000100000000)
  eden space 65536K, 0% used [0x00000000eb400000,0x00000000eb400000,0x00000000ef400000)
  from space 5120K, 93% used [0x00000000ef400000,0x00000000ef8afe98,0x00000000ef900000)
  to   space 5632K, 0% used [0x00000000f3980000,0x00000000f3980000,0x00000000f3f00000)
 ParOldGen       total 44032K, used 7320K [0x00000000c1c00000, 0x00000000c4700000, 0x00000000eb400000)
  object space 44032K, 16% used [0x00000000c1c00000,0x00000000c23263e0,0x00000000c4700000)
 Metaspace       used 15614K, capacity 15780K, committed 16128K, reserved 1062912K
  class space    used 1909K, capacity 1966K, committed 2048K, reserved 1048576K
}
Event: 13.648 GC heap before
{Heap before GC invocations=8 (full 0):
 PSYoungGen      total 70656K, used 70335K [0x00000000eb400000, 0x00000000f3f00000, 0x0000000100000000)
  eden space 65536K, 100% used [0x00000000eb400000,0x00000000ef400000,0x00000000ef400000)
  from space 5120K, 93% used [0x00000000ef400000,0x00000000ef8afe98,0x00000000ef900000)
  to   space 5632K, 0% used [0x00000000f3980000,0x00000000f3980000,0x00000000f3f00000)
 ParOldGen       total 44032K, used 7320K [0x00000000c1c00000, 0x00000000c4700000, 0x00000000eb400000)
  object space 44032K, 16% used [0x00000000c1c00000,0x00000000c23263e0,0x00000000c4700000)
 Metaspace       used 19240K, capacity 19464K, committed 19584K, reserved 1067008K
  class space    used 2355K, capacity 2420K, committed 2432K, reserved 1048576K
Event: 13.671 GC heap after
Heap after GC invocations=8 (full 0):
 PSYoungGen      total 135680K, used 5625K [0x00000000eb400000, 0x00000000f4100000, 0x0000000100000000)
  eden space 130048K, 0% used [0x00000000eb400000,0x00000000eb400000,0x00000000f3300000)
  from space 5632K, 99% used [0x00000000f3980000,0x00000000f3efe7c8,0x00000000f3f00000)
  to   space 6656K, 0% used [0x00000000f3300000,0x00000000f3300000,0x00000000f3980000)
 ParOldGen       total 44032K, used 8599K [0x00000000c1c00000, 0x00000000c4700000, 0x00000000eb400000)
  object space 44032K, 19% used [0x00000000c1c00000,0x00000000c2465ff0,0x00000000c4700000)
 Metaspace       used 19240K, capacity 19464K, committed 19584K, reserved 1067008K
  class space    used 2355K, capacity 2420K, committed 2432K, reserved 1048576K
}
Event: 15.448 GC heap before
{Heap before GC invocations=9 (full 0):
 PSYoungGen      total 135680K, used 83352K [0x00000000eb400000, 0x00000000f4100000, 0x0000000100000000)
  eden space 130048K, 59% used [0x00000000eb400000,0x00000000effe7b78,0x00000000f3300000)
  from space 5632K, 99% used [0x00000000f3980000,0x00000000f3efe7c8,0x00000000f3f00000)
  to   space 6656K, 0% used [0x00000000f3300000,0x00000000f3300000,0x00000000f3980000)
 ParOldGen       total 44032K, used 8599K [0x00000000c1c00000, 0x00000000c4700000, 0x00000000eb400000)
  object space 44032K, 19% used [0x00000000c1c00000,0x00000000c2465ff0,0x00000000c4700000)
 Metaspace       used 20913K, capacity 21076K, committed 21296K, reserved 1069056K
  class space    used 2567K, capacity 2614K, committed 2688K, reserved 1048576K
Event: 15.472 GC heap after
Heap after GC invocations=9 (full 0):
 PSYoungGen      total 136704K, used 5567K [0x00000000eb400000, 0x00000000f4100000, 0x0000000100000000)
  eden space 130048K, 0% used [0x00000000eb400000,0x00000000eb400000,0x00000000f3300000)
  from space 6656K, 83% used [0x00000000f3300000,0x00000000f386fd98,0x00000000f3980000)
  to   space 5632K, 0% used [0x00000000f3980000,0x00000000f3980000,0x00000000f3f00000)
 ParOldGen       total 44032K, used 9288K [0x00000000c1c00000, 0x00000000c4700000, 0x00000000eb400000)
  object space 44032K, 21% used [0x00000000c1c00000,0x00000000c25120e0,0x00000000c4700000)
 Metaspace       used 20913K, capacity 21076K, committed 21296K, reserved 1069056K
  class space    used 2567K, capacity 2614K, committed 2688K, reserved 1048576K
}
Event: 15.472 GC heap before
{Heap before GC invocations=10 (full 1):
 PSYoungGen      total 136704K, used 5567K [0x00000000eb400000, 0x00000000f4100000, 0x0000000100000000)
  eden space 130048K, 0% used [0x00000000eb400000,0x00000000eb400000,0x00000000f3300000)
  from space 6656K, 83% used [0x00000000f3300000,0x00000000f386fd98,0x00000000f3980000)
  to   space 5632K, 0% used [0x00000000f3980000,0x00000000f3980000,0x00000000f3f00000)
 ParOldGen       total 44032K, used 9288K [0x00000000c1c00000, 0x00000000c4700000, 0x00000000eb400000)
  object space 44032K, 21% used [0x00000000c1c00000,0x00000000c25120e0,0x00000000c4700000)
 Metaspace       used 20913K, capacity 21076K, committed 21296K, reserved 1069056K
  class space    used 2567K, capacity 2614K, committed 2688K, reserved 1048576K
Event: 15.606 GC heap after
Heap after GC invocations=10 (full 1):
 PSYoungGen      total 136704K, used 0K [0x00000000eb400000, 0x00000000f4100000, 0x0000000100000000)
  eden space 130048K, 0% used [0x00000000eb400000,0x00000000eb400000,0x00000000f3300000)
  from space 6656K, 0% used [0x00000000f3300000,0x00000000f3300000,0x00000000f3980000)
  to   space 5632K, 0% used [0x00000000f3980000,0x00000000f3980000,0x00000000f3f00000)
 ParOldGen       total 33792K, used 8416K [0x00000000c1c00000, 0x00000000c3d00000, 0x00000000eb400000)
  object space 33792K, 24% used [0x00000000c1c00000,0x00000000c2438188,0x00000000c3d00000)
 Metaspace       used 20913K, capacity 21076K, committed 21296K, reserved 1069056K
  class space    used 2567K, capacity 2614K, committed 2688K, reserved 1048576K
}
Event: 21.325 GC heap before
{Heap before GC invocations=11 (full 1):
 PSYoungGen      total 136704K, used 130048K [0x00000000eb400000, 0x00000000f4100000, 0x0000000100000000)
  eden space 130048K, 100% used [0x00000000eb400000,0x00000000f3300000,0x00000000f3300000)
  from space 6656K, 0% used [0x00000000f3300000,0x00000000f3300000,0x00000000f3980000)
  to   space 5632K, 0% used [0x00000000f3980000,0x00000000f3980000,0x00000000f3f00000)
 ParOldGen       total 33792K, used 8416K [0x00000000c1c00000, 0x00000000c3d00000, 0x00000000eb400000)
  object space 33792K, 24% used [0x00000000c1c00000,0x00000000c2438188,0x00000000c3d00000)
 Metaspace       used 31342K, capacity 31656K, committed 31872K, reserved 1077248K
  class space    used 4073K, capacity 4152K, committed 4224K, reserved 1048576K
Event: 21.354 GC heap after
Heap after GC invocations=11 (full 1):
 PSYoungGen      total 133120K, used 5606K [0x00000000eb400000, 0x00000000f7000000, 0x0000000100000000)
  eden space 127488K, 0% used [0x00000000eb400000,0x00000000eb400000,0x00000000f3080000)
  from space 5632K, 99% used [0x00000000f3980000,0x00000000f3ef9970,0x00000000f3f00000)
  to   space 9216K, 0% used [0x00000000f3080000,0x00000000f3080000,0x00000000f3980000)
 ParOldGen       total 33792K, used 14070K [0x00000000c1c00000, 0x00000000c3d00000, 0x00000000eb400000)
  object space 33792K, 41% used [0x00000000c1c00000,0x00000000c29bdb78,0x00000000c3d00000)
 Metaspace       used 31342K, capacity 31656K, committed 31872K, reserved 1077248K
  class space    used 4073K, capacity 4152K, committed 4224K, reserved 1048576K
}

