# JRE version: Java(TM) SE Runtime Environment (8.0_60-b27) (build 1.8.0_60-b27)
# Java VM: Java HotSpot(TM) 64-Bit Server VM (25.60-b23 mixed mode windows-amd64 compressed oops)
Heap:
 PSYoungGen      total 136704K, used 4211K [0x00000000eb400000, 0x00000000f4100000, 0x0000000100000000)
  eden space 130048K, 3% used [0x00000000eb400000,0x00000000eb81cd20,0x00000000f3300000)
  from space 6656K, 0% used [0x00000000f3300000,0x00000000f3300000,0x00000000f3980000)
  to   space 5632K, 0% used [0x00000000f3980000,0x00000000f3980000,0x00000000f3f00000)
 ParOldGen       total 36352K, used 7967K [0x00000000c1c00000, 0x00000000c3f80000, 0x00000000eb400000)
  object space 36352K, 21% used [0x00000000c1c00000,0x00000000c23c7f98,0x00000000c3f80000)
 Metaspace       used 20961K, capacity 21156K, committed 21552K, reserved 1069056K
  class space    used 2591K, capacity 2646K, committed 2688K, reserved 1048576K
GC Heap History (10 events):
Event: 7.679 GC heap before
{Heap before GC invocations=6 (full 0):
 PSYoungGen      total 35328K, used 35297K [0x00000000eb400000, 0x00000000efe00000, 0x0000000100000000)
  eden space 32768K, 100% used [0x00000000eb400000,0x00000000ed400000,0x00000000ed400000)
  from space 2560K, 98% used [0x00000000ed400000,0x00000000ed678720,0x00000000ed680000)
  to   space 5120K, 0% used [0x00000000ef900000,0x00000000ef900000,0x00000000efe00000)
 ParOldGen       total 44032K, used 6181K [0x00000000c1c00000, 0x00000000c4700000, 0x00000000eb400000)
  object space 44032K, 14% used [0x00000000c1c00000,0x00000000c22094a8,0x00000000c4700000)
 Metaspace       used 13961K, capacity 14142K, committed 14336K, reserved 1062912K
  class space    used 1688K, capacity 1733K, committed 1792K, reserved 1048576K
Event: 7.691 GC heap after
Heap after GC invocations=6 (full 0):
 PSYoungGen      total 70656K, used 2608K [0x00000000eb400000, 0x00000000efe00000, 0x0000000100000000)
  eden space 65536K, 0% used [0x00000000eb400000,0x00000000eb400000,0x00000000ef400000)
  from space 5120K, 50% used [0x00000000ef900000,0x00000000efb8c050,0x00000000efe00000)
  to   space 5120K, 0% used [0x00000000ef400000,0x00000000ef400000,0x00000000ef900000)
 ParOldGen       total 44032K, used 6189K [0x00000000c1c00000, 0x00000000c4700000, 0x00000000eb400000)
  object space 44032K, 14% used [0x00000000c1c00000,0x00000000c220b4a8,0x00000000c4700000)
 Metaspace       used 13961K, capacity 14142K, committed 14336K, reserved 1062912K
  class space    used 1688K, capacity 1733K, committed 1792K, reserved 1048576K
}
Event: 10.595 GC heap before
{Heap before GC invocations=7 (full 0):
 PSYoungGen      total 70656K, used 68144K [0x00000000eb400000, 0x00000000efe00000, 0x0000000100000000)
  eden space 65536K, 100% used [0x00000000eb400000,0x00000000ef400000,0x00000000ef400000)
  from space 5120K, 50% used [0x00000000ef900000,0x00000000efb8c050,0x00000000efe00000)
  to   space 5120K, 0% used [0x00000000ef400000,0x00000000ef400000,0x00000000ef900000)
 ParOldGen       total 44032K, used 6189K [0x00000000c1c00000, 0x00000000c4700000, 0x00000000eb400000)
  object space 44032K, 14% used [0x00000000c1c00000,0x00000000c220b4a8,0x00000000c4700000)
 Metaspace       used 15639K, capacity 15828K, committed 16128K, reserved 1062912K
  class space    used 1910K, capacity 1966K, committed 2048K, reserved 1048576K
Event: 10.622 GC heap after
Heap after GC invocations=7 (full 0):
 PSYoungGen      total 70656K, used 4463K [0x00000000eb400000, 0x00000000f3f00000, 0x0000000100000000)
  eden space 65536K, 0% used [0x00000000eb400000,0x00000000eb400000,0x00000000ef400000)
  from space 5120K, 87% used [0x00000000ef400000,0x00000000ef85bda0,0x00000000ef900000)
  to   space 5632K, 0% used [0x00000000f3980000,0x00000000f3980000,0x00000000f3f00000)
 ParOldGen       total 44032K, used 7735K [0x00000000c1c00000, 0x00000000c4700000, 0x00000000eb400000)
  object space 44032K, 17% used [0x00000000c1c00000,0x00000000c238de70,0x00000000c4700000)
 Metaspace       used 15639K, capacity 15828K, committed 16128K, reserved 1062912K
  class space    used 1910K, capacity 1966K, committed 2048K, reserved 1048576K
}
Event: 13.360 GC heap before
{Heap before GC invocations=8 (full 0):
 PSYoungGen      total 70656K, used 69999K [0x00000000eb400000, 0x00000000f3f00000, 0x0000000100000000)
  eden space 65536K, 100% used [0x00000000eb400000,0x00000000ef400000,0x00000000ef400000)
  from space 5120K, 87% used [0x00000000ef400000,0x00000000ef85bda0,0x00000000ef900000)
  to   space 5632K, 0% used [0x00000000f3980000,0x00000000f3980000,0x00000000f3f00000)
 ParOldGen       total 44032K, used 7735K [0x00000000c1c00000, 0x00000000c4700000, 0x00000000eb400000)
  object space 44032K, 17% used [0x00000000c1c00000,0x00000000c238de70,0x00000000c4700000)
 Metaspace       used 19254K, capacity 19512K, committed 19840K, reserved 1067008K
  class space    used 2356K, capacity 2420K, committed 2432K, reserved 1048576K
Event: 13.378 GC heap after
Heap after GC invocations=8 (full 0):
 PSYoungGen      total 135680K, used 5610K [0x00000000eb400000, 0x00000000f4100000, 0x0000000100000000)
  eden space 130048K, 0% used [0x00000000eb400000,0x00000000eb400000,0x00000000f3300000)
  from space 5632K, 99% used [0x00000000f3980000,0x00000000f3efaab8,0x00000000f3f00000)
  to   space 6656K, 0% used [0x00000000f3300000,0x00000000f3300000,0x00000000f3980000)
 ParOldGen       total 44032K, used 8575K [0x00000000c1c00000, 0x00000000c4700000, 0x00000000eb400000)
  object space 44032K, 19% used [0x00000000c1c00000,0x00000000c245fd88,0x00000000c4700000)
 Metaspace       used 19254K, capacity 19512K, committed 19840K, reserved 1067008K
  class space    used 2356K, capacity 2420K, committed 2432K, reserved 1048576K
}
Event: 15.522 GC heap before
{Heap before GC invocations=9 (full 0):
 PSYoungGen      total 135680K, used 83164K [0x00000000eb400000, 0x00000000f4100000, 0x0000000100000000)
  eden space 130048K, 59% used [0x00000000eb400000,0x00000000effbc608,0x00000000f3300000)
  from space 5632K, 99% used [0x00000000f3980000,0x00000000f3efaab8,0x00000000f3f00000)
  to   space 6656K, 0% used [0x00000000f3300000,0x00000000f3300000,0x00000000f3980000)
 ParOldGen       total 44032K, used 8575K [0x00000000c1c00000, 0x00000000c4700000, 0x00000000eb400000)
  object space 44032K, 19% used [0x00000000c1c00000,0x00000000c245fd88,0x00000000c4700000)
 Metaspace       used 20911K, capacity 21092K, committed 21296K, reserved 1069056K
  class space    used 2579K, capacity 2646K, committed 2688K, reserved 1048576K
Event: 15.586 GC heap after
Heap after GC invocations=9 (full 0):
 PSYoungGen      total 136704K, used 5295K [0x00000000eb400000, 0x00000000f4100000, 0x0000000100000000)
  eden space 130048K, 0% used [0x00000000eb400000,0x00000000eb400000,0x00000000f3300000)
  from space 6656K, 79% used [0x00000000f3300000,0x00000000f382be80,0x00000000f3980000)
  to   space 5632K, 0% used [0x00000000f3980000,0x00000000f3980000,0x00000000f3f00000)
 ParOldGen       total 44032K, used 8863K [0x00000000c1c00000, 0x00000000c4700000, 0x00000000eb400000)
  object space 44032K, 20% used [0x00000000c1c00000,0x00000000c24a7e78,0x00000000c4700000)
 Metaspace       used 20911K, capacity 21092K, committed 21296K, reserved 1069056K
  class space    used 2579K, capacity 2646K, committed 2688K, reserved 1048576K
}
Event: 15.586 GC heap before
{Heap before GC invocations=10 (full 1):
 PSYoungGen      total 136704K, used 5295K [0x00000000eb400000, 0x00000000f4100000, 0x0000000100000000)
  eden space 130048K, 0% used [0x00000000eb400000,0x00000000eb400000,0x00000000f3300000)
  from space 6656K, 79% used [0x00000000f3300000,0x00000000f382be80,0x00000000f3980000)
  to   space 5632K, 0% used [0x00000000f3980000,0x00000000f3980000,0x00000000f3f00000)
 ParOldGen       total 44032K, used 8863K [0x00000000c1c00000, 0x00000000c4700000, 0x00000000eb400000)
  object space 44032K, 20% used [0x00000000c1c00000,0x00000000c24a7e78,0x00000000c4700000)
 Metaspace       used 20911K, capacity 21092K, committed 21296K, reserved 1069056K
  class space    used 2579K, capacity 2646K, committed 2688K, reserved 1048576K
Event: 15.914 GC heap after
Heap after GC invocations=10 (full 1):
 PSYoungGen      total 136704K, used 0K [0x00000000eb400000, 0x00000000f4100000, 0x0000000100000000)
  eden space 130048K, 0% used [0x00000000eb400000,0x00000000eb400000,0x00000000f3300000)
  from space 6656K, 0% used [0x00000000f3300000,0x00000000f3300000,0x00000000f3980000)
  to   space 5632K, 0% used [0x00000000f3980000,0x00000000f3980000,0x00000000f3f00000)
 ParOldGen       total 36352K, used 7967K [0x00000000c1c00000, 0x00000000c3f80000, 0x00000000eb400000)
  object space 36352K, 21% used [0x00000000c1c00000,0x00000000c23c7f98,0x00000000c3f80000)
 Metaspace       used 20911K, capacity 21092K, committed 21296K, reserved 1069056K
  class space    used 2579K, capacity 2646K, committed 2688K, reserved 1048576K
}

